Arguments: 
  /home/inman/.nvm/versions/node/v15.8.0/bin/node /usr/bin/yarn init

PATH: 
  /home/inman/gems/bin:/home/inman/.deno/bin:/home/inman/gems/bin:/home/inman/.nvm/versions/node/v15.8.0/bin:/home/inman/.deno/bin:/home/inman/.local/bin:/home/inman/bin:/usr/local/sbin:/usr/local/bin:/usr/sbin:/usr/bin:/sbin:/bin:/usr/games:/usr/local/games:/snap/bin:/snap/bin:/usr/local/bin:/usr/bin/haswell:/usr/bin:/opt/3rd-party/bin:/home/inman/.fzf/bin:/home/inman/.cargo/bin:/home/inman/.cargo/bin:/usr/local/go/bin:/home/inman/Projects/go/bin:/home/inman/.local/bin:/home/inman/.yarn/bin:/home/inman/.config/composer/vendor/bin:/usr/local/bin:/usr/bin/haswell:/usr/bin:/opt/3rd-party/bin:/home/inman/.fzf/bin:/home/inman/.cargo/bin:/home/inman/.cargo/bin:/usr/local/go/bin:/home/inman/Projects/go/bin:/home/inman/.local/bin:/home/inman/.yarn/bin:/home/inman/.config/composer/vendor/bin

Yarn version: 
  1.22.10

Node version: 
  15.8.0

Platform: 
  linux x64

Trace: 
  Error: canceled
      at Interface.<anonymous> (/usr/lib/node_modules/yarn/lib/cli.js:136216:13)
      at Interface.emit (node:events:378:20)
      at Interface._ttyWrite (node:readline:973:16)
      at ReadStream.onkeypress (node:readline:259:10)
      at ReadStream.emit (node:events:378:20)
      at emitKeys (node:internal/readline/utils:358:14)
      at emitKeys.next (<anonymous>)
      at ReadStream.onData (node:readline:1242:36)
      at ReadStream.emit (node:events:378:20)
      at addChunk (node:internal/streams/readable:313:12)

npm manifest: 
  No manifest

yarn manifest: 
  No manifest

Lockfile: 
  No lockfile
